[2025-12-23 14:44:42] INFO qwerty Created sandbox
[2025-12-23 14:44:45] INFO qwerty Spawned sandbox terminal
[2025-12-23 14:45:51] INFO qwerty Deleted sandbox
[2025-12-23 14:49:26] INFO wqwe Created sandbox
[2025-12-23 14:49:29] INFO wqwe Deleted sandbox
[2025-12-23 14:49:36] INFO qwerty Created sandbox
[2025-12-23 14:49:38] INFO qwerty Spawned sandbox terminal
[2025-12-23 14:54:43] INFO qwerty Deleted sandbox
[2025-12-23 15:00:21] INFO kjhg Created sandbox
[2025-12-23 15:06:09] INFO kjhg Deleted sandbox
[2025-12-23 15:06:13] INFO kgf Created sandbox
[2025-12-23 15:06:15] INFO kgf Spawned sandbox terminal
[2025-12-23 15:08:09] INFO kgf Deleted sandbox
[2025-12-23 15:08:11] INFO kgf Created sandbox
[2025-12-23 15:08:14] INFO kgf Deleted sandbox
[2025-12-23 15:08:26] INFO kgf Created sandbox
[2025-12-23 15:08:31] INFO kgf Deleted sandbox
[2025-12-23 15:09:12] INFO qwerty Created sandbox
[2025-12-23 15:09:16] INFO qwerty Spawned sandbox terminal
[2025-12-23 15:14:57] INFO qwerty Deleted sandbox
[2025-12-23 15:15:12] INFO qwerty Created sandbox
[2025-12-23 15:15:14] INFO qwerty Spawned sandbox terminal
[2025-12-23 15:25:38] INFO qwerty Deleted sandbox
[2025-12-23 15:25:42] INFO jhgfxz Created sandbox
[2025-12-23 15:25:45] INFO jhgfxz Deleted sandbox
[2025-12-23 15:25:56] INFO jhgfxz Created sandbox
[2025-12-23 15:26:00] INFO jhgfxz Spawned sandbox terminal
